0 info it worked if it ends with ok
1 verbose cli [ 'C:\\Program Files\\nodejs\\node.exe',
1 verbose cli   'C:\\Users\\jacob\\AppData\\Roaming\\npm\\node_modules\\npm\\bin\\npm-cli.js',
1 verbose cli   'start' ]
2 info using npm@4.1.2
3 info using node@v9.0.0
4 verbose run-script [ 'prestart', 'start', 'poststart' ]
5 info lifecycle globalchat@1.0.0~prestart: globalchat@1.0.0
6 silly lifecycle globalchat@1.0.0~prestart: no script for prestart, continuing
7 info lifecycle globalchat@1.0.0~start: globalchat@1.0.0
8 verbose lifecycle globalchat@1.0.0~start: unsafe-perm in lifecycle true
9 verbose lifecycle globalchat@1.0.0~start: PATH: C:\Users\jacob\AppData\Roaming\npm\node_modules\npm\bin\node-gyp-bin;D:\Projects\GlobalChat\node_modules\.bin;C:\Users\jacob\bin;C:\Program Files\Git\mingw64\bin;C:\Program Files\Git\usr\local\bin;C:\Program Files\Git\usr\bin;C:\Program Files\Git\usr\bin;C:\Program Files\Git\mingw64\bin;C:\Program Files\Git\usr\bin;C:\Users\jacob\bin;C:\Program Files\Microsoft MPI\Bin;C:\ProgramData\Oracle\Java\javapath;C:\Program Files (x86)\Intel\iCLS Client;C:\Program Files\Intel\iCLS Client;C:\WINDOWS\system32;C:\WINDOWS;C:\WINDOWS\System32\Wbem;C:\WINDOWS\System32\WindowsPowerShell\v1.0;C:\Program Files (x86)\Intel\Intel(R) Management Engine Components\DAL;C:\Program Files\Intel\Intel(R) Management Engine Components\DAL;C:\Program Files (x86)\Intel\Intel(R) Management Engine Components\IPT;C:\Program Files\Intel\Intel(R) Management Engine Components\IPT;C:\Program Files\Intel\WiFi\bin;C:\Program Files\Common Files\Intel\WirelessCommon;C:\Program Files\Git\cmd;C:\Program Files\dotnet;C:\Program Files\Microsoft SQL Server\130\Tools\Binn;C:\Program Files\nodejs;D:\;C:\Program Files (x86)\GtkSharp\2.12\bin;C:\Program Files\MySQL\MySQL Utilities 1.6;C:\Python34;C:\Program Files\MySQL\MySQL Server 5.7\bin;C:\Program Files\Python36\Scripts;C:\Program Files\CMake\bin;C:\Users\jacob\AppData\Local\Microsoft\WindowsApps;C:\Users\jacob\AppData\Roaming\npm;C:\Users\jacob\AppData\Local\atom\bin;C:\Program Files\Microsoft VS Code\bin;C:\Program Files\Git\usr\bin\vendor_perl;C:\Program Files\Git\usr\bin\core_perl
10 verbose lifecycle globalchat@1.0.0~start: CWD: D:\Projects\GlobalChat
11 silly lifecycle globalchat@1.0.0~start: Args: [ '/d /s /c',
11 silly lifecycle   'node node_modules/nodemon/bin/nodemon.js index.js' ]
12 silly lifecycle globalchat@1.0.0~start: Returned: code: 1  signal: null
13 info lifecycle globalchat@1.0.0~start: Failed to exec start script
14 verbose stack Error: globalchat@1.0.0 start: `node node_modules/nodemon/bin/nodemon.js index.js`
14 verbose stack Exit status 1
14 verbose stack     at EventEmitter.<anonymous> (C:\Users\jacob\AppData\Roaming\npm\node_modules\npm\lib\utils\lifecycle.js:279:16)
14 verbose stack     at emitTwo (events.js:135:13)
14 verbose stack     at EventEmitter.emit (events.js:224:7)
14 verbose stack     at ChildProcess.<anonymous> (C:\Users\jacob\AppData\Roaming\npm\node_modules\npm\lib\utils\spawn.js:40:14)
14 verbose stack     at emitTwo (events.js:135:13)
14 verbose stack     at ChildProcess.emit (events.js:224:7)
14 verbose stack     at maybeClose (internal/child_process.js:943:16)
14 verbose stack     at Process.ChildProcess._handle.onexit (internal/child_process.js:220:5)
15 verbose pkgid globalchat@1.0.0
16 verbose cwd D:\Projects\GlobalChat
17 error Windows_NT 10.0.16299
18 error argv "C:\\Program Files\\nodejs\\node.exe" "C:\\Users\\jacob\\AppData\\Roaming\\npm\\node_modules\\npm\\bin\\npm-cli.js" "start"
19 error node v9.0.0
20 error npm  v4.1.2
21 error code ELIFECYCLE
22 error globalchat@1.0.0 start: `node node_modules/nodemon/bin/nodemon.js index.js`
22 error Exit status 1
23 error Failed at the globalchat@1.0.0 start script 'node node_modules/nodemon/bin/nodemon.js index.js'.
23 error Make sure you have the latest version of node.js and npm installed.
23 error If you do, this is most likely a problem with the globalchat package,
23 error not with npm itself.
23 error Tell the author that this fails on your system:
23 error     node node_modules/nodemon/bin/nodemon.js index.js
23 error You can get information on how to open an issue for this project with:
23 error     npm bugs globalchat
23 error Or if that isn't available, you can get their info via:
23 error     npm owner ls globalchat
23 error There is likely additional logging output above.
24 verbose exit [ 1, true ]
